
--- 2025-04-27T07:04:20.439Z debug
🪵  Writing logs to "/home/runner/workspace/.config/.wrangler/logs/wrangler-2025-04-27_07-04-20_305.log"
---

--- 2025-04-27T07:04:20.439Z debug
Metrics dispatcher: Posting data {"deviceId":"0bd9d29f-b422-4569-8b81-046c9808773b","event":"wrangler command started","timestamp":1745737460439,"properties":{"amplitude_session_id":1745737460436,"amplitude_event_id":0,"wranglerVersion":"4.13.2","osPlatform":"Linux","osVersion":"#1-NixOS SMP PREEMPT_DYNAMIC Tue Jan  1 00:00:00 UTC 1980","nodeVersion":20,"packageManager":"npm","isFirstUsage":false,"configFileType":"toml","isCI":false,"isPagesCI":false,"isWorkersCI":false,"isInteractive":false,"hasAssets":false,"argsUsed":["j","projectName"],"argsCombination":"j, projectName","command":"wrangler pages deploy","args":{"projectName":"<REDACTED>","xJsonConfig":true,"j":true,"uploadSourceMaps":false,"directory":"<REDACTED>"}}}
---

--- 2025-04-27T07:04:20.452Z debug
.env file not found at ".env". Continuing... For more details, refer to https://developers.cloudflare.com/workers/wrangler/system-environment-variables/
---

--- 2025-04-27T07:04:20.483Z log

 ⛅️ wrangler 4.13.2
[38;2;255;136;0m-------------------[39m

---

--- 2025-04-27T07:04:20.555Z warn
[33m▲ [43;33m[[43;30mWARNING[43;33m][0m [1mPages now has wrangler.toml support.[0m

  We detected a configuration file at /home/runner/workspace/wrangler.toml but
  it is missing the "pages_build_output_dir" field, required by Pages.
  If you would like to use this configuration file to deploy your project,
  please use "pages_build_output_dir" to specify the directory of static files
  to upload.
  Ignoring configuration file for now, and proceeding with project deploy.


---

--- 2025-04-27T07:04:20.557Z log

---

--- 2025-04-27T07:04:20.558Z error
[31m✘ [41;31m[[41;97mERROR[41;31m][0m [1mIn a non-interactive environment, it's necessary to set a CLOUDFLARE_API_TOKEN environment variable for wrangler to work. Please go to https://developers.cloudflare.com/fundamentals/api/get-started/create-token/ for instructions on how to create an api token, and assign its value to CLOUDFLARE_API_TOKEN.[0m


---

--- 2025-04-27T07:04:20.558Z debug
Error: In a non-interactive environment, it's necessary to set a CLOUDFLARE_API_TOKEN environment variable for wrangler to work. Please go to https://developers.cloudflare.com/fundamentals/api/get-started/create-token/ for instructions on how to create an api token, and assign its value to CLOUDFLARE_API_TOKEN.
    at requireAuth (/home/runner/workspace/node_modules/wrangler/wrangler-dist/cli.js:90971:13)
    at async Object.handler (/home/runner/workspace/node_modules/wrangler/wrangler-dist/cli.js:122838:23)
    at async Object.handler (/home/runner/workspace/node_modules/wrangler/wrangler-dist/cli.js:114855:7)
---

--- 2025-04-27T07:04:20.559Z debug
Metrics dispatcher: Posting data {"deviceId":"0bd9d29f-b422-4569-8b81-046c9808773b","event":"wrangler command errored","timestamp":1745737460559,"properties":{"amplitude_session_id":1745737460436,"amplitude_event_id":1,"wranglerVersion":"4.13.2","osPlatform":"Linux","osVersion":"#1-NixOS SMP PREEMPT_DYNAMIC Tue Jan  1 00:00:00 UTC 1980","nodeVersion":20,"packageManager":"npm","isFirstUsage":false,"configFileType":"toml","isCI":false,"isPagesCI":false,"isWorkersCI":false,"isInteractive":false,"hasAssets":false,"argsUsed":["j","projectName"],"argsCombination":"j, projectName","command":"wrangler pages deploy","args":{"projectName":"<REDACTED>","xJsonConfig":true,"j":true,"uploadSourceMaps":false,"directory":"<REDACTED>"},"durationMs":149,"durationSeconds":0.149,"durationMinutes":0.002483333333333333,"errorType":"UserError"}}
---
